<?xml version="1.0" encoding="UTF-8"?>
<testng-results ignored="0" total="1" passed="1" failed="0" skipped="0">
  <reporter-output>
  </reporter-output>
  <suite started-at="2022-04-18T15:19:42 IST" name="Default suite" finished-at="2022-04-18T15:19:50 IST" duration-ms="7981">
    <groups>
    </groups>
    <test started-at="2022-04-18T15:19:42 IST" name="Default test" finished-at="2022-04-18T15:19:50 IST" duration-ms="7981">
      <class name="TestNG1.loginsample">
        <test-method signature="login()[pri:0, instance:TestNG1.loginsample@346d61be]" started-at="2022-04-18T15:19:42 IST" name="login" finished-at="2022-04-18T15:19:50 IST" duration-ms="7897" status="PASS">
          <reporter-output>
          </reporter-output>
        </test-method> <!-- login -->
      </class> <!-- TestNG1.loginsample -->
    </test> <!-- Default test -->
  </suite> <!-- Default suite -->
</testng-results>
